3.6223 	WARNING 	Import Error: No module named 'psychtoolbox'. Using event module for keyboard component.
14.0685 	WARNING 	Monitor specification not found. Creating a temporary one...
14.0709 	WARNING 	User requested fullscreen with size [800 600], but screen is actually [1920, 1080]. Using actual size
14.5751 	EXP 	Created window1 = Window(allowGUI=True, allowStencil=False, autoLog=True, backendConf=UNKNOWN, bitsMode=UNKNOWN, blendMode='avg', bpc=(8, 8, 8), color=array([-1, -1, -1]), colorSpace='rgb', depthBits=8, fullscr=<method-wrapper '__getattribute__' of attributeSetter object at 0x00000284EC5015B0>, gamma=None, gammaErrorPolicy='raise', lms=UNKNOWN, monitor=<psychopy.monitors.calibTools.Monitor object at 0x00000284EDC37550>, multiSample=False, name='window1', numSamples=2, pos=(0, 0), screen=0, size=array([1920, 1080]), stencilBits=0, stereo=False, units='pix', useFBO=False, useRetina=False, viewOri=0.0, viewPos=None, viewScale=None, waitBlanking=True, winType='pyglet')
14.5751 	EXP 	window1: mouseVisible = True
14.5892 	EXP 	Created unnamed ImageStim = ImageStim(__class__=<class 'psychopy.visual.image.ImageStim'>, anchor=('center', 'center'), autoLog=True, color=array([1., 1., 1.]), colorSpace='rgb', contrast=1.0, depth=0, flipHoriz=False, flipVert=False, image=None, interpolate=False, mask=None, maskParams=None, name='unnamed ImageStim', opacity=1.0, ori=0.0, pos=array([0., 0.]), size=array([756., 756.]), texRes=128, units='pix', win=Window(...))
14.6309 	EXP 	Created unnamed TextStim = TextStim(__class__=<class 'psychopy.visual.text.TextStim'>, alignHoriz=method-wrapper(...), alignText='center', alignVert=method-wrapper(...), anchorHoriz='center', anchorVert='center', antialias=True, autoDraw=False, autoLog=True, bold=False, color=array([1, 1, 1]), colorSpace='rgb', contrast=1.0, depth=0, flipHoriz=False, flipVert=False, font='Malgun Gothic', fontFiles=[], height=70.0, italic=False, languageStyle='LTR', name='unnamed TextStim', opacity=1.0, ori=0.0, pos=array([0., 0.]), rgb=UNKNOWN, text='START', units='pix', win=Window(...), wrapWidth=500)
14.6320 	EXP 	Created unnamed TextStim = TextStim(__class__=<class 'psychopy.visual.text.TextStim'>, alignHoriz=method-wrapper(...), alignText='center', alignVert=method-wrapper(...), anchorHoriz='center', anchorVert='center', antialias=True, autoDraw=False, autoLog=True, bold=False, color=array([1, 1, 1]), colorSpace='rgb', contrast=1.0, depth=0, flipHoriz=False, flipVert=False, font='Malgun Gothic', fontFiles=[], height=70.0, italic=False, languageStyle='LTR', name='unnamed TextStim', opacity=1.0, ori=0.0, pos=array([0., 0.]), rgb=UNKNOWN, text='+', units='pix', win=Window(...), wrapWidth=500)
14.6410 	EXP 	Created unnamed TextStim = TextStim(__class__=<class 'psychopy.visual.text.TextStim'>, alignHoriz=method-wrapper(...), alignText='center', alignVert=method-wrapper(...), anchorHoriz='center', anchorVert='center', antialias=True, autoDraw=False, autoLog=True, bold=False, color=array([1, 1, 1]), colorSpace='rgb', contrast=1.0, depth=0, flipHoriz=False, flipVert=False, font='Malgun Gothic', fontFiles=[], height=70.0, italic=False, languageStyle='LTR', name='unnamed TextStim', opacity=1.0, ori=0.0, pos=array([0., 0.]), rgb=UNKNOWN, text='마우스로 응답해주세요', units='pix', win=Window(...), wrapWidth=500)
14.6426 	EXP 	Created unnamed TextStim = TextStim(__class__=<class 'psychopy.visual.text.TextStim'>, alignHoriz=method-wrapper(...), alignText='center', alignVert=method-wrapper(...), anchorHoriz='center', anchorVert='center', antialias=True, autoDraw=False, autoLog=True, bold=False, color=array([1, 1, 1]), colorSpace='rgb', contrast=1.0, depth=0, flipHoriz=False, flipVert=False, font='Malgun Gothic', fontFiles=[], height=70.0, italic=False, languageStyle='LTR', name='unnamed TextStim', opacity=1.0, ori=0.0, pos=array([0., 0.]), rgb=UNKNOWN, text='END', units='pix', win=Window(...), wrapWidth=500)
14.6426 	EXP 	Added new global key event: escape
14.6426 	EXP 	window1: mouseVisible = True
51.4767 	DATA 	Keypress: space
52.4769 	WARNING 	RCS Didn't receive expected response from RCS to the message b'AN:start;START\r'. Current stack of recent responses:['AN:Error:Recorder is not active.'].
63.3123 	WARNING 	RCS recordingState not achieved: expected states ['Idle'] but state is Monitoring
63.5401 	EXP 	unnamed ImageStim: image = 'stimuli-ha-sa\\incong-cong-HA\\cong-ha-39.png'
67.1214 	DATA 	Mouse: Left button down, pos=(1458,698)
70.1901 	DATA 	Mouse:  Left button up, pos=(1458,698)
70.4303 	EXP 	unnamed ImageStim: image = 'stimuli-ha-sa\\incong-cong-HA\\incong-ha-19.png'
71.8571 	DATA 	Mouse: Right bㄱutton down, pos=(1458,698)
75.9005 	DATA 	Mouse:  Right button up, pos=(1458,698)
76.1352 	EXP 	unnamed ImageStim: image = 'stimuli-ha-sa\\incong-cong-HA\\incong-ha-23.png'
77.0976 	DATA 	Mouse: Right button down, pos=(1458,698)
77.3307 	DATA 	Mouse:  Right button up, pos=(1458,698)
81.1578 	EXP 	unnamed ImageStim: image = 'stimuli-ha-sa\\incong-cong-SA\\incong-sa-19.png'
82.4091 	DATA 	Mouse: Right button down, pos=(1458,698)
85.6760 	DATA 	Mouse:  Right button up, pos=(1458,698)
85.9116 	EXP 	unnamed ImageStim: image = 'stimuli-ha-sa\\incong-cong-SA\\cong-sa-46.png'
86.9450 	DATA 	Mouse: Left button down, pos=(1458,698)
87.1603 	DATA 	Mouse:  Left button up, pos=(1458,698)
91.4180 	EXP 	unnamed ImageStim: image = 'stimuli-ha-sa\\incong-cong-SA\\incong-sa-39.png'
92.4251 	DATA 	Mouse: Right button down, pos=(1458,698)
95.6852 	DATA 	Mouse:  Right button up, pos=(1458,698)
95.9217 	EXP 	unnamed ImageStim: image = 'stimuli-ha-sa\\incong-cong-HA\\cong-ha-49.png'
97.2492 	DATA 	Mouse: Left button down, pos=(1458,698)
100.1736 	DATA 	Mouse:  Left button up, pos=(1458,698)
100.4095 	EXP 	unnamed ImageStim: image = 'stimuli-ha-sa\\incong-cong-HA\\cong-ha-37.png'
101.7451 	DATA 	Mouse: Left button down, pos=(1458,698)
106.2721 	DATA 	Mouse:  Left button up, pos=(1458,698)
106.5164 	EXP 	unnamed ImageStim: image = 'stimuli-ha-sa\\incong-cong-SA\\incong-sa-23.png'
107.8891 	DATA 	Mouse: Right button down, pos=(1458,698)
112.1642 	DATA 	Mouse:  Right button up, pos=(1458,698)
112.4059 	EXP 	unnamed ImageStim: image = 'stimuli-ha-sa\\incong-cong-SA\\incong-sa-24.png'
113.8170 	DATA 	Mouse: Right button down, pos=(1458,698)
117.2932 	DATA 	Mouse:  Right button up, pos=(1458,698)
117.5442 	EXP 	unnamed ImageStim: image = 'stimuli-ha-sa\\incong-cong-SA\\incong-sa-51.png'
118.8331 	DATA 	Mouse: Right button down, pos=(1458,698)
122.9211 	DATA 	Mouse:  Right button up, pos=(1458,698)
123.1665 	EXP 	unnamed ImageStim: image = 'stimuli-ha-sa\\incong-cong-SA\\cong-sa-43.png'
124.5212 	DATA 	Mouse: Left button down, pos=(1458,698)
124.6431 	DATA 	Mouse:  Left button up, pos=(1458,698)
128.9055 	EXP 	unnamed ImageStim: image = 'stimuli-ha-sa\\incong-cong-HA\\cong-ha-47.png'
130.4250 	DATA 	Mouse: Left button down, pos=(1458,698)
134.6085 	DATA 	Mouse:  Left button up, pos=(1458,698)
134.8614 	EXP 	unnamed ImageStim: image = 'stimuli-ha-sa\\incong-cong-SA\\cong-sa-38.png'
137.5211 	DATA 	Mouse: Left button down, pos=(1458,698)
142.0210 	DATA 	Mouse:  Left button up, pos=(1458,698)
142.2688 	EXP 	unnamed ImageStim: image = 'stimuli-ha-sa\\incong-cong-SA\\incong-sa-33.png'
143.6811 	DATA 	Mouse: Right button down, pos=(1458,698)
148.6042 	DATA 	Mouse:  Right button up, pos=(1458,698)
148.8589 	EXP 	unnamed ImageStim: image = 'stimuli-ha-sa\\incong-cong-SA\\incong-sa-12.png'
150.2010 	DATA 	Mouse: Right button down, pos=(1458,698)
154.8604 	DATA 	Mouse:  Right button up, pos=(1458,698)
155.1150 	EXP 	unnamed ImageStim: image = 'stimuli-ha-sa\\incong-cong-HA\\incong-ha-16.png'
156.4492 	DATA 	Mouse: Right button down, pos=(1458,698)
159.9871 	DATA 	Mouse:  Right button up, pos=(1458,698)
160.2368 	EXP 	unnamed ImageStim: image = 'stimuli-ha-sa\\incong-cong-SA\\incong-sa-44.png'
161.6651 	DATA 	Mouse: Right button down, pos=(1458,698)
165.3713 	DATA 	Mouse:  Right button up, pos=(1458,698)
165.6079 	EXP 	unnamed ImageStim: image = 'stimuli-ha-sa\\incong-cong-SA\\cong-sa-10.png'
167.1452 	DATA 	Mouse: Left button down, pos=(1458,698)
171.1271 	DATA 	Mouse:  Left button up, pos=(1458,698)
171.3646 	EXP 	unnamed ImageStim: image = 'stimuli-ha-sa\\incong-cong-HA\\cong-ha-42.png'
173.9058 	DATA 	Mouse: Left button down, pos=(1458,698)
178.4828 	DATA 	Mouse:  Left button up, pos=(1458,698)
178.7219 	EXP 	unnamed ImageStim: image = 'stimuli-ha-sa\\incong-cong-SA\\cong-sa-32.png'
180.2091 	DATA 	Mouse: Left button down, pos=(1458,698)
180.3526 	DATA 	Mouse:  Left button up, pos=(1458,698)
184.0606 	EXP 	unnamed ImageStim: image = 'stimuli-ha-sa\\incong-cong-SA\\cong-sa-7.png'
185.4170 	DATA 	Mouse: Left button down, pos=(1458,698)
188.3006 	DATA 	Mouse:  Left button up, pos=(1458,698)
188.5483 	EXP 	unnamed ImageStim: image = 'stimuli-ha-sa\\incong-cong-HA\\cong-ha-20.png'
189.9611 	DATA 	Mouse: Left button down, pos=(1458,698)
193.1159 	DATA 	Mouse:  Left button up, pos=(1458,698)
193.3691 	EXP 	unnamed ImageStim: image = 'stimuli-ha-sa\\incong-cong-HA\\incong-ha-38.png'
195.1211 	DATA 	Mouse: Right button down, pos=(1458,698)
199.7262 	DATA 	Mouse:  Right button up, pos=(1458,698)
199.9766 	EXP 	unnamed ImageStim: image = 'stimuli-ha-sa\\incong-cong-SA\\cong-sa-27.png'
201.3851 	DATA 	Mouse: Left button down, pos=(1458,698)
205.8199 	DATA 	Mouse:  Left button up, pos=(1458,698)
206.0659 	EXP 	unnamed ImageStim: image = 'stimuli-ha-sa\\incong-cong-SA\\cong-sa-22.png'
207.3611 	DATA 	Mouse: Left button down, pos=(1458,698)
211.8945 	DATA 	Mouse:  Left button up, pos=(1458,698)
212.1386 	EXP 	unnamed ImageStim: image = 'stimuli-ha-sa\\incong-cong-HA\\incong-ha-35.png'
213.4170 	DATA 	Mouse: Right button down, pos=(1458,698)
217.4631 	DATA 	Mouse:  Right button up, pos=(1458,698)
217.7109 	EXP 	unnamed ImageStim: image = 'stimuli-ha-sa\\incong-cong-SA\\cong-sa-44.png'
219.1533 	DATA 	Mouse: Left button down, pos=(1458,698)
223.4736 	DATA 	Mouse:  Left button up, pos=(1458,698)
223.7168 	EXP 	unnamed ImageStim: image = 'stimuli-ha-sa\\incong-cong-SA\\incong-sa-35.png'
224.9852 	DATA 	Mouse: Right button down, pos=(1458,698)
228.5117 	DATA 	Mouse:  Right button up, pos=(1458,698)
228.7552 	EXP 	unnamed ImageStim: image = 'stimuli-ha-sa\\incong-cong-SA\\cong-sa-48.png'
230.2970 	DATA 	Mouse: Left button down, pos=(1458,698)
234.7175 	DATA 	Mouse:  Left button up, pos=(1458,698)
234.9616 	EXP 	unnamed ImageStim: image = 'stimuli-ha-sa\\incong-cong-SA\\incong-sa-53.png'
236.2653 	DATA 	Mouse: Right button down, pos=(1458,698)
239.8101 	DATA 	Mouse:  Right button up, pos=(1458,698)
240.0498 	EXP 	unnamed ImageStim: image = 'stimuli-ha-sa\\incong-cong-HA\\cong-ha-12.png'
241.4332 	DATA 	Mouse: Left button down, pos=(1458,698)
244.7743 	DATA 	Mouse:  Left button up, pos=(1458,698)
245.0216 	EXP 	unnamed ImageStim: image = 'stimuli-ha-sa\\incong-cong-SA\\cong-sa-26.png'
246.3212 	DATA 	Mouse: Left button down, pos=(1458,698)
250.9638 	DATA 	Mouse:  Left button up, pos=(1458,698)
251.2110 	EXP 	unnamed ImageStim: image = 'stimuli-ha-sa\\incong-cong-HA\\cong-ha-7.png'
252.6412 	DATA 	Mouse: Left button down, pos=(1458,698)
257.0880 	DATA 	Mouse:  Left button up, pos=(1458,698)
257.3338 	EXP 	unnamed ImageStim: image = 'stimuli-ha-sa\\incong-cong-SA\\incong-sa-36.png'
258.7131 	DATA 	Mouse: Right button down, pos=(1458,698)
262.5841 	DATA 	Mouse:  Right button up, pos=(1458,698)
262.8218 	EXP 	unnamed ImageStim: image = 'stimuli-ha-sa\\incong-cong-HA\\cong-ha-53.png'
264.1459 	DATA 	Mouse: Left button down, pos=(1458,698)
268.4158 	DATA 	Mouse:  Left button up, pos=(1458,698)
268.6619 	EXP 	unnamed ImageStim: image = 'stimuli-ha-sa\\incong-cong-HA\\cong-ha-14.png'
269.9212 	DATA 	Mouse: Left button down, pos=(1458,698)
270.0552 	DATA 	Mouse:  Left button up, pos=(1458,698)
273.3164 	EXP 	unnamed ImageStim: image = 'stimuli-ha-sa\\incong-cong-SA\\cong-sa-21.png'
274.6811 	DATA 	Mouse: Left button down, pos=(1458,698)
279.3846 	DATA 	Mouse:  Left button up, pos=(1458,698)
279.6394 	EXP 	unnamed ImageStim: image = 'stimuli-ha-sa\\incong-cong-SA\\incong-sa-32.png'
280.9771 	DATA 	Mouse: Right button down, pos=(1458,698)
285.5249 	DATA 	Mouse:  Right button up, pos=(1458,698)
285.7614 	EXP 	unnamed ImageStim: image = 'stimuli-ha-sa\\incong-cong-HA\\incong-ha-49.png'
287.0491 	DATA 	Mouse: Right button down, pos=(1458,698)
290.4105 	DATA 	Mouse:  Right button up, pos=(1458,698)
290.6504 	EXP 	unnamed ImageStim: image = 'stimuli-ha-sa\\incong-cong-HA\\incong-ha-39.png'
291.9530 	DATA 	Mouse: Right button down, pos=(1458,698)
295.1171 	DATA 	Mouse:  Right button up, pos=(1458,698)
295.3719 	EXP 	unnamed ImageStim: image = 'stimuli-ha-sa\\incong-cong-SA\\cong-sa-42.png'
297.3852 	DATA 	Mouse: Left button down, pos=(1458,698)
301.2055 	DATA 	Mouse:  Left button up, pos=(1458,698)
301.4449 	EXP 	unnamed ImageStim: image = 'stimuli-ha-sa\\incong-cong-SA\\incong-sa-15.png'
302.6651 	DATA 	Mouse: Right button down, pos=(1458,698)
306.3608 	DATA 	Mouse:  Right button up, pos=(1458,698)
306.5998 	EXP 	unnamed ImageStim: image = 'stimuli-ha-sa\\incong-cong-SA\\cong-sa-14.png'
308.0574 	DATA 	Mouse: Left button down, pos=(1458,698)
312.0473 	DATA 	Mouse:  Left button up, pos=(1458,698)
312.2887 	EXP 	unnamed ImageStim: image = 'stimuli-ha-sa\\incong-cong-HA\\cong-ha-23.png'
313.5693 	DATA 	Mouse: Left button down, pos=(1458,698)
318.4044 	DATA 	Mouse:  Left button up, pos=(1458,698)
318.6450 	EXP 	unnamed ImageStim: image = 'stimuli-ha-sa\\incong-cong-SA\\incong-sa-10.png'
319.8890 	DATA 	Mouse: Right button down, pos=(1458,698)
324.5187 	DATA 	Mouse:  Right button up, pos=(1458,698)
324.7682 	EXP 	unnamed ImageStim: image = 'stimuli-ha-sa\\incong-cong-SA\\incong-sa-17.png'
326.0970 	DATA 	Mouse: Right button down, pos=(1458,698)
329.2826 	DATA 	Mouse:  Right button up, pos=(1458,698)
329.5227 	EXP 	unnamed ImageStim: image = 'stimuli-ha-sa\\incong-cong-SA\\cong-sa-36.png'
331.0170 	DATA 	Mouse: Left button down, pos=(1458,698)
331.1846 	DATA 	Mouse:  Left button up, pos=(1458,698)
334.5280 	EXP 	unnamed ImageStim: image = 'stimuli-ha-sa\\incong-cong-SA\\cong-sa-16.png'
335.9210 	DATA 	Mouse: Left button down, pos=(1458,698)
339.7354 	DATA 	Mouse:  Left button up, pos=(1458,698)
339.9830 	EXP 	unnamed ImageStim: image = 'stimuli-ha-sa\\incong-cong-SA\\incong-sa-34.png'
341.4492 	DATA 	Mouse: Right button down, pos=(1458,698)
344.3745 	DATA 	Mouse:  Right button up, pos=(1458,698)
344.6210 	EXP 	unnamed ImageStim: image = 'stimuli-ha-sa\\incong-cong-HA\\cong-ha-10.png'
345.8890 	DATA 	Mouse: Left button down, pos=(1458,698)
350.6297 	DATA 	Mouse:  Left button up, pos=(1458,698)
350.8773 	EXP 	unnamed ImageStim: image = 'stimuli-ha-sa\\incong-cong-HA\\cong-ha-8.png'
352.1690 	DATA 	Mouse: Left button down, pos=(1458,698)
352.2856 	DATA 	Mouse:  Left button up, pos=(1458,698)
356.1326 	EXP 	unnamed ImageStim: image = 'stimuli-ha-sa\\incong-cong-SA\\cong-sa-53.png'
357.4253 	DATA 	Mouse: Left button down, pos=(1458,698)
361.9909 	DATA 	Mouse:  Left button up, pos=(1458,698)
362.2386 	EXP 	unnamed ImageStim: image = 'stimuli-ha-sa\\incong-cong-SA\\cong-sa-11.png'
363.6411 	DATA 	Mouse: Left button down, pos=(1458,698)
366.8345 	DATA 	Mouse:  Left button up, pos=(1458,698)
367.0769 	EXP 	unnamed ImageStim: image = 'stimuli-ha-sa\\incong-cong-SA\\incong-sa-3.png'
368.3692 	DATA 	Mouse: Right button down, pos=(1458,698)
372.8489 	DATA 	Mouse:  Right button up, pos=(1458,698)
373.0995 	EXP 	unnamed ImageStim: image = 'stimuli-ha-sa\\incong-cong-HA\\cong-ha-22.png'
374.4731 	DATA 	Mouse: Left button down, pos=(1458,698)
378.8704 	DATA 	Mouse:  Left button up, pos=(1458,698)
379.1046 	EXP 	unnamed ImageStim: image = 'stimuli-ha-sa\\incong-cong-SA\\cong-sa-13.png'
380.7292 	DATA 	Mouse: Left button down, pos=(1458,698)
385.3493 	DATA 	Mouse:  Left button up, pos=(1458,698)
385.5953 	EXP 	unnamed ImageStim: image = 'stimuli-ha-sa\\incong-cong-HA\\incong-ha-41.png'
386.9210 	DATA 	Mouse: Right button down, pos=(1458,698)
390.7015 	DATA 	Mouse:  Right button up, pos=(1458,698)
390.9507 	EXP 	unnamed ImageStim: image = 'stimuli-ha-sa\\incong-cong-HA\\incong-ha-10.png'
392.3451 	DATA 	Mouse: Right button down, pos=(1458,698)
396.4059 	DATA 	Mouse:  Right button up, pos=(1458,698)
396.6563 	EXP 	unnamed ImageStim: image = 'stimuli-ha-sa\\incong-cong-HA\\incong-ha-6.png'
397.9292 	DATA 	Mouse: Right button down, pos=(1458,698)
401.3112 	DATA 	Mouse:  Right button up, pos=(1458,698)
401.5612 	EXP 	unnamed ImageStim: image = 'stimuli-ha-sa\\incong-cong-HA\\incong-ha-24.png'
403.0573 	DATA 	Mouse: Right button down, pos=(1458,698)
406.0835 	DATA 	Mouse:  Right button up, pos=(1458,698)
406.3329 	EXP 	unnamed ImageStim: image = 'stimuli-ha-sa\\incong-cong-HA\\incong-ha-9.png'
407.5853 	DATA 	Mouse: Right button down, pos=(1458,698)
411.4877 	DATA 	Mouse:  Right button up, pos=(1458,698)
411.7382 	EXP 	unnamed ImageStim: image = 'stimuli-ha-sa\\incong-cong-HA\\incong-ha-26.png'
413.0092 	DATA 	Mouse: Right button down, pos=(1458,698)
417.2062 	DATA 	Mouse:  Right button up, pos=(1458,698)
417.4429 	EXP 	unnamed ImageStim: image = 'stimuli-ha-sa\\incong-cong-SA\\incong-sa-16.png'
418.8651 	DATA 	Mouse: Right button down, pos=(1458,698)
423.6591 	DATA 	Mouse:  Right button up, pos=(1458,698)
423.9004 	EXP 	unnamed ImageStim: image = 'stimuli-ha-sa\\incong-cong-SA\\incong-sa-48.png'
425.2013 	DATA 	Mouse: Right button down, pos=(1458,698)
429.9387 	DATA 	Mouse:  Right button up, pos=(1458,698)
430.1898 	EXP 	unnamed ImageStim: image = 'stimuli-ha-sa\\incong-cong-SA\\incong-sa-13.png'
432.2972 	DATA 	Mouse: Right button down, pos=(1458,698)
435.6204 	DATA 	Mouse:  Right button up, pos=(1458,698)
435.8624 	EXP 	unnamed ImageStim: image = 'stimuli-ha-sa\\incong-cong-HA\\cong-ha-29.png'
437.1772 	DATA 	Mouse: Left button down, pos=(1458,698)
438.1771 	WARNING 	RCS Didn't receive expected response from RCS to the message b'AN:left;RES\r'. Current stack of recent responses:['AN:Error:Recorder is not active.'].
438.1907 	DATA 	Mouse:  Left button up, pos=(1458,698)
438.1914 	DATA 	Mouse: Left button down, pos=(1458,698)
438.1918 	DATA 	Mouse:  Left button up, pos=(1458,698)
442.9197 	EXP 	unnamed ImageStim: image = 'stimuli-ha-sa\\incong-cong-HA\\incong-ha-40.png'
444.2572 	DATA 	Mouse: Right button down, pos=(1458,698)
448.9712 	DATA 	Mouse:  Right button up, pos=(1458,698)
449.2255 	EXP 	unnamed ImageStim: image = 'stimuli-ha-sa\\incong-cong-SA\\cong-sa-45.png'
450.9853 	DATA 	Mouse: Left button down, pos=(1458,698)
455.0891 	DATA 	Mouse:  Left button up, pos=(1458,698)
455.3317 	EXP 	unnamed ImageStim: image = 'stimuli-ha-sa\\incong-cong-HA\\cong-ha-31.png'
456.5771 	DATA 	Mouse: Left button down, pos=(1458,698)
459.6866 	DATA 	Mouse:  Left button up, pos=(1458,698)
459.9364 	EXP 	unnamed ImageStim: image = 'stimuli-ha-sa\\incong-cong-SA\\incong-sa-25.png'
461.1933 	DATA 	Mouse: Right button down, pos=(1458,698)
465.2664 	DATA 	Mouse:  Right button up, pos=(1458,698)
465.5085 	EXP 	unnamed ImageStim: image = 'stimuli-ha-sa\\incong-cong-HA\\incong-ha-29.png'
467.1051 	DATA 	Mouse: Right button down, pos=(1458,698)
471.5768 	DATA 	Mouse:  Right button up, pos=(1458,698)
471.8148 	EXP 	unnamed ImageStim: image = 'stimuli-ha-sa\\incong-cong-HA\\cong-ha-35.png'
473.1932 	DATA 	Mouse: Left button down, pos=(1458,698)
478.1475 	DATA 	Mouse:  Left button up, pos=(1458,698)
478.3882 	EXP 	unnamed ImageStim: image = 'stimuli-ha-sa\\incong-cong-HA\\incong-ha-28.png'
480.1213 	DATA 	Mouse: Right button down, pos=(1458,698)
484.5922 	DATA 	Mouse:  Right button up, pos=(1458,698)
484.8269 	EXP 	unnamed ImageStim: image = 'stimuli-ha-sa\\incong-cong-HA\\cong-ha-52.png'
486.1613 	DATA 	Mouse: Left button down, pos=(1458,698)
489.8448 	DATA 	Mouse:  Left button up, pos=(1458,698)
490.0997 	EXP 	unnamed ImageStim: image = 'stimuli-ha-sa\\incong-cong-HA\\cong-ha-3.png'
491.3452 	DATA 	Mouse: Left button down, pos=(1458,698)
495.4510 	DATA 	Mouse:  Left button up, pos=(1458,698)
495.6889 	EXP 	unnamed ImageStim: image = 'stimuli-ha-sa\\incong-cong-HA\\cong-ha-38.png'
496.9293 	DATA 	Mouse: Left button down, pos=(1458,698)
500.1531 	DATA 	Mouse:  Left button up, pos=(1458,698)
500.3933 	EXP 	unnamed ImageStim: image = 'stimuli-ha-sa\\incong-cong-HA\\cong-ha-26.png'
501.6491 	DATA 	Mouse: Left button down, pos=(1458,698)
504.8283 	DATA 	Mouse:  Left button up, pos=(1458,698)
505.0638 	EXP 	unnamed ImageStim: image = 'stimuli-ha-sa\\incong-cong-SA\\incong-sa-28.png'
506.7453 	DATA 	Mouse: Right button down, pos=(1458,698)
511.2883 	DATA 	Mouse:  Right button up, pos=(1458,698)
511.5378 	EXP 	unnamed ImageStim: image = 'stimuli-ha-sa\\incong-cong-SA\\cong-sa-35.png'
512.8894 	DATA 	Mouse: Left button down, pos=(1458,698)
516.7672 	DATA 	Mouse:  Left button up, pos=(1458,698)
517.0099 	EXP 	unnamed ImageStim: image = 'stimuli-ha-sa\\incong-cong-SA\\incong-sa-37.png'
518.3372 	DATA 	Mouse: Right button down, pos=(1458,698)
521.3063 	DATA 	Mouse:  Right button up, pos=(1458,698)
521.5480 	EXP 	unnamed ImageStim: image = 'stimuli-ha-sa\\incong-cong-SA\\incong-sa-27.png'
523.3052 	DATA 	Mouse: Right button down, pos=(1458,698)
527.6625 	DATA 	Mouse:  Right button up, pos=(1458,698)
527.9033 	EXP 	unnamed ImageStim: image = 'stimuli-ha-sa\\incong-cong-SA\\cong-sa-40.png'
529.2251 	DATA 	Mouse: Left button down, pos=(1458,698)
533.0687 	DATA 	Mouse:  Left button up, pos=(1458,698)
533.3087 	EXP 	unnamed ImageStim: image = 'stimuli-ha-sa\\incong-cong-SA\\cong-sa-29.png'
534.7211 	DATA 	Mouse: Left button down, pos=(1458,698)
538.0248 	DATA 	Mouse:  Left button up, pos=(1458,698)
538.2645 	EXP 	unnamed ImageStim: image = 'stimuli-ha-sa\\incong-cong-HA\\incong-ha-13.png'
539.5131 	DATA 	Mouse: Right button down, pos=(1458,698)
542.8123 	DATA 	Mouse:  Right button up, pos=(1458,698)
543.0527 	EXP 	unnamed ImageStim: image = 'stimuli-ha-sa\\incong-cong-SA\\cong-sa-17.png'
544.4654 	DATA 	Mouse: Left button down, pos=(1458,698)
548.4257 	DATA 	Mouse:  Left button up, pos=(1458,698)
548.6749 	EXP 	unnamed ImageStim: image = 'stimuli-ha-sa\\incong-cong-HA\\incong-ha-3.png'
550.8574 	DATA 	Mouse: Right button down, pos=(1458,698)
555.3522 	DATA 	Mouse:  Right button up, pos=(1458,698)
555.5987 	EXP 	unnamed ImageStim: image = 'stimuli-ha-sa\\incong-cong-SA\\incong-sa-31.png'
556.8411 	DATA 	Mouse: Right button down, pos=(1458,698)
560.3000 	DATA 	Mouse:  Right button up, pos=(1458,698)
560.5535 	EXP 	unnamed ImageStim: image = 'stimuli-ha-sa\\incong-cong-SA\\cong-sa-31.png'
562.0012 	DATA 	Mouse: Left button down, pos=(1458,698)
565.6972 	DATA 	Mouse:  Left button up, pos=(1458,698)
565.9413 	EXP 	unnamed ImageStim: image = 'stimuli-ha-sa\\incong-cong-HA\\cong-ha-1.png'
567.2412 	DATA 	Mouse: Left button down, pos=(1458,698)
571.3693 	DATA 	Mouse:  Left button up, pos=(1458,698)
571.6145 	EXP 	unnamed ImageStim: image = 'stimuli-ha-sa\\incong-cong-HA\\cong-ha-9.png'
572.8492 	DATA 	Mouse: Left button down, pos=(1458,698)
577.0738 	DATA 	Mouse:  Left button up, pos=(1458,698)
577.3202 	EXP 	unnamed ImageStim: image = 'stimuli-ha-sa\\incong-cong-HA\\cong-ha-44.png'
578.5533 	DATA 	Mouse: Left button down, pos=(1458,698)
582.6596 	DATA 	Mouse:  Left button up, pos=(1458,698)
582.9092 	EXP 	unnamed ImageStim: image = 'stimuli-ha-sa\\incong-cong-HA\\incong-ha-17.png'
584.1614 	DATA 	Mouse: Right button down, pos=(1458,698)
588.2567 	DATA 	Mouse:  Right button up, pos=(1458,698)
588.4982 	EXP 	unnamed ImageStim: image = 'stimuli-ha-sa\\incong-cong-SA\\incong-sa-6.png'
589.7532 	DATA 	Mouse: Right button down, pos=(1458,698)
593.2838 	DATA 	Mouse:  Right button up, pos=(1458,698)
593.5190 	EXP 	unnamed ImageStim: image = 'stimuli-ha-sa\\incong-cong-HA\\cong-ha-6.png'
594.8490 	DATA 	Mouse: Left button down, pos=(1458,698)
599.3309 	DATA 	Mouse:  Left button up, pos=(1458,698)
599.5759 	EXP 	unnamed ImageStim: image = 'stimuli-ha-sa\\incong-cong-SA\\cong-sa-52.png'
600.8333 	DATA 	Mouse: Left button down, pos=(1458,698)
604.1829 	DATA 	Mouse:  Left button up, pos=(1458,698)
604.4307 	EXP 	unnamed ImageStim: image = 'stimuli-ha-sa\\incong-cong-SA\\incong-sa-20.png'
605.7211 	DATA 	Mouse: Right button down, pos=(1458,698)
609.0445 	DATA 	Mouse:  Right button up, pos=(1458,698)
609.2855 	EXP 	unnamed ImageStim: image = 'stimuli-ha-sa\\incong-cong-HA\\incong-ha-47.png'
610.5373 	DATA 	Mouse: Right button down, pos=(1456,697)
614.3495 	DATA 	Mouse:  Right button up, pos=(1456,697)
614.5908 	EXP 	unnamed ImageStim: image = 'stimuli-ha-sa\\incong-cong-HA\\incong-ha-44.png'
615.8332 	DATA 	Mouse: Right button down, pos=(1456,697)
619.7831 	DATA 	Mouse:  Right button up, pos=(1456,697)
620.0295 	EXP 	unnamed ImageStim: image = 'stimuli-ha-sa\\incong-cong-HA\\incong-ha-42.png'
621.3771 	DATA 	Mouse: Right button down, pos=(1456,697)
625.4403 	DATA 	Mouse:  Right button up, pos=(1456,697)
625.6853 	EXP 	unnamed ImageStim: image = 'stimuli-ha-sa\\incong-cong-HA\\cong-ha-36.png'
626.9692 	DATA 	Mouse: Left button down, pos=(1456,697)
629.8530 	DATA 	Mouse:  Left button up, pos=(1456,697)
630.1063 	EXP 	unnamed ImageStim: image = 'stimuli-ha-sa\\incong-cong-HA\\cong-ha-24.png'
631.3533 	DATA 	Mouse: Left button down, pos=(1456,697)
635.2164 	DATA 	Mouse:  Left button up, pos=(1456,697)
635.4617 	EXP 	unnamed ImageStim: image = 'stimuli-ha-sa\\incong-cong-HA\\incong-ha-8.png'
636.7292 	DATA 	Mouse: Right button down, pos=(1456,697)
639.7342 	DATA 	Mouse:  Right button up, pos=(1456,697)
639.9829 	EXP 	unnamed ImageStim: image = 'stimuli-ha-sa\\incong-cong-SA\\cong-sa-1.png'
641.3371 	DATA 	Mouse: Left button down, pos=(1456,697)
644.5913 	DATA 	Mouse:  Left button up, pos=(1456,697)
644.8377 	EXP 	unnamed ImageStim: image = 'stimuli-ha-sa\\incong-cong-HA\\incong-ha-45.png'
646.1931 	DATA 	Mouse: Right button down, pos=(1456,697)
650.6846 	DATA 	Mouse:  Right button up, pos=(1456,697)
650.9272 	EXP 	unnamed ImageStim: image = 'stimuli-ha-sa\\incong-cong-SA\\cong-sa-2.png'
652.1691 	DATA 	Mouse: Left button down, pos=(1456,697)
655.2417 	DATA 	Mouse:  Left button up, pos=(1456,697)
655.4817 	EXP 	unnamed ImageStim: image = 'stimuli-ha-sa\\incong-cong-HA\\cong-ha-18.png'
657.0331 	DATA 	Mouse: Left button down, pos=(1456,697)
660.6069 	DATA 	Mouse:  Left button up, pos=(1456,697)
671.6024 	EXP 	window1: mouseVisible = True
