3.5325 	WARNING 	Import Error: No module named 'psychtoolbox'. Using event module for keyboard component.
23.0329 	WARNING 	Monitor specification not found. Creating a temporary one...
23.0354 	WARNING 	User requested fullscreen with size [800 600], but screen is actually [1920, 1080]. Using actual size
23.5432 	EXP 	Created window1 = Window(allowGUI=True, allowStencil=False, autoLog=True, backendConf=UNKNOWN, bitsMode=UNKNOWN, blendMode='avg', bpc=(8, 8, 8), color=array([-1, -1, -1]), colorSpace='rgb', depthBits=8, fullscr=<method-wrapper '__getattribute__' of attributeSetter object at 0x0000010CFC1525B0>, gamma=None, gammaErrorPolicy='raise', lms=UNKNOWN, monitor=<psychopy.monitors.calibTools.Monitor object at 0x0000010C829584F0>, multiSample=False, name='window1', numSamples=2, pos=(0, 0), screen=0, size=array([1920, 1080]), stencilBits=0, stereo=False, units='pix', useFBO=False, useRetina=False, viewOri=0.0, viewPos=None, viewScale=None, waitBlanking=True, winType='pyglet')
23.5432 	EXP 	window1: mouseVisible = True
23.5565 	EXP 	Created unnamed ImageStim = ImageStim(__class__=<class 'psychopy.visual.image.ImageStim'>, anchor=('center', 'center'), autoLog=True, color=array([1., 1., 1.]), colorSpace='rgb', contrast=1.0, depth=0, flipHoriz=False, flipVert=False, image=None, interpolate=False, mask=None, maskParams=None, name='unnamed ImageStim', opacity=1.0, ori=0.0, pos=array([0., 0.]), size=array([756., 756.]), texRes=128, units='pix', win=Window(...))
23.5986 	EXP 	Created unnamed TextStim = TextStim(__class__=<class 'psychopy.visual.text.TextStim'>, alignHoriz=method-wrapper(...), alignText='center', alignVert=method-wrapper(...), anchorHoriz='center', anchorVert='center', antialias=True, autoDraw=False, autoLog=True, bold=False, color=array([1, 1, 1]), colorSpace='rgb', contrast=1.0, depth=0, flipHoriz=False, flipVert=False, font='Malgun Gothic', fontFiles=[], height=70.0, italic=False, languageStyle='LTR', name='unnamed TextStim', opacity=1.0, ori=0.0, pos=array([0., 0.]), rgb=UNKNOWN, text='START', units='pix', win=Window(...), wrapWidth=500)
23.5997 	EXP 	Created unnamed TextStim = TextStim(__class__=<class 'psychopy.visual.text.TextStim'>, alignHoriz=method-wrapper(...), alignText='center', alignVert=method-wrapper(...), anchorHoriz='center', anchorVert='center', antialias=True, autoDraw=False, autoLog=True, bold=False, color=array([1, 1, 1]), colorSpace='rgb', contrast=1.0, depth=0, flipHoriz=False, flipVert=False, font='Malgun Gothic', fontFiles=[], height=70.0, italic=False, languageStyle='LTR', name='unnamed TextStim', opacity=1.0, ori=0.0, pos=array([0., 0.]), rgb=UNKNOWN, text='+', units='pix', win=Window(...), wrapWidth=500)
23.6084 	EXP 	Created unnamed TextStim = TextStim(__class__=<class 'psychopy.visual.text.TextStim'>, alignHoriz=method-wrapper(...), alignText='center', alignVert=method-wrapper(...), anchorHoriz='center', anchorVert='center', antialias=True, autoDraw=False, autoLog=True, bold=False, color=array([1, 1, 1]), colorSpace='rgb', contrast=1.0, depth=0, flipHoriz=False, flipVert=False, font='Malgun Gothic', fontFiles=[], height=70.0, italic=False, languageStyle='LTR', name='unnamed TextStim', opacity=1.0, ori=0.0, pos=array([0., 0.]), rgb=UNKNOWN, text='마우스로 응답해주세요', units='pix', win=Window(...), wrapWidth=500)
23.6099 	EXP 	Created unnamed TextStim = TextStim(__class__=<class 'psychopy.visual.text.TextStim'>, alignHoriz=method-wrapper(...), alignText='center', alignVert=method-wrapper(...), anchorHoriz='center', anchorVert='center', antialias=True, autoDraw=False, autoLog=True, bold=False, color=array([1, 1, 1]), colorSpace='rgb', contrast=1.0, depth=0, flipHoriz=False, flipVert=False, font='Malgun Gothic', fontFiles=[], height=70.0, italic=False, languageStyle='LTR', name='unnamed TextStim', opacity=1.0, ori=0.0, pos=array([0., 0.]), rgb=UNKNOWN, text='END', units='pix', win=Window(...), wrapWidth=500)
23.6099 	EXP 	Added new global key event: escape
23.6099 	EXP 	window1: mouseVisible = True
30.8921 	DATA 	Keypress: space
31.8921 	WARNING 	RCS Didn't receive expected response from RCS to the message b'AN:start;START\r'. Current stack of recent responses:['AN:Error:Recorder is not active.'].
42.6769 	WARNING 	RCS recordingState not achieved: expected states ['Idle'] but state is Monitoring
42.9790 	EXP 	unnamed ImageStim: image = 'stimuli-ha-sa\\incong-cong-SA\\cong-sa-30.png'
47.3810 	DATA 	Mouse: Left button down, pos=(751,699)
50.9631 	DATA 	Mouse:  Left button up, pos=(751,699)
51.2041 	EXP 	unnamed ImageStim: image = 'stimuli-ha-sa\\incong-cong-SA\\cong-sa-13.png'
53.4450 	DATA 	Mouse: Left button down, pos=(1011,546)
53.6443 	DATA 	Mouse:  Left button up, pos=(1011,546)
57.7770 	EXP 	unnamed ImageStim: image = 'stimuli-ha-sa\\incong-cong-HA\\incong-ha-44.png'
59.2129 	DATA 	Mouse: Right button down, pos=(1011,546)
62.3164 	DATA 	Mouse:  Right button up, pos=(1011,546)
62.5654 	EXP 	unnamed ImageStim: image = 'stimuli-ha-sa\\incong-cong-SA\\incong-sa-8.png'
64.6288 	DATA 	Mouse: Right button down, pos=(1011,546)
67.7845 	DATA 	Mouse:  Right button up, pos=(1011,546)
68.0374 	EXP 	unnamed ImageStim: image = 'stimuli-ha-sa\\incong-cong-SA\\incong-sa-2.png'
69.6688 	DATA 	Mouse: Right button down, pos=(1011,546)
73.9952 	DATA 	Mouse:  Right button up, pos=(1011,546)
74.2436 	EXP 	unnamed ImageStim: image = 'stimuli-ha-sa\\incong-cong-SA\\incong-sa-41.png'
75.6289 	DATA 	Mouse: Right button down, pos=(1011,546)
75.7543 	DATA 	Mouse:  Right button up, pos=(1011,546)
80.6666 	EXP 	unnamed ImageStim: image = 'stimuli-ha-sa\\incong-cong-HA\\cong-ha-34.png'
82.1570 	DATA 	Mouse: Left button down, pos=(1011,546)
85.1588 	DATA 	Mouse:  Left button up, pos=(1011,546)
85.4047 	EXP 	unnamed ImageStim: image = 'stimuli-ha-sa\\incong-cong-SA\\incong-sa-36.png'
86.7970 	DATA 	Mouse: Right button down, pos=(1011,546)
89.9674 	DATA 	Mouse:  Right button up, pos=(1011,546)
90.2087 	EXP 	unnamed ImageStim: image = 'stimuli-ha-sa\\incong-cong-SA\\cong-sa-9.png'
91.7328 	DATA 	Mouse: Left button down, pos=(1011,546)
96.4435 	DATA 	Mouse:  Left button up, pos=(1011,546)
96.6818 	EXP 	unnamed ImageStim: image = 'stimuli-ha-sa\\incong-cong-SA\\cong-sa-25.png'
98.9488 	DATA 	Mouse: Left button down, pos=(1011,546)
101.9090 	DATA 	Mouse:  Left button up, pos=(1011,546)
102.1548 	EXP 	unnamed ImageStim: image = 'stimuli-ha-sa\\incong-cong-HA\\incong-ha-18.png'
103.9090 	DATA 	Mouse: Right button down, pos=(1011,546)
104.0257 	DATA 	Mouse:  Right button up, pos=(1011,546)
108.3943 	EXP 	unnamed ImageStim: image = 'stimuli-ha-sa\\incong-cong-SA\\cong-sa-6.png'
109.8129 	DATA 	Mouse: Left button down, pos=(1011,546)
112.7740 	DATA 	Mouse:  Left button up, pos=(1011,546)
113.0148 	EXP 	unnamed ImageStim: image = 'stimuli-ha-sa\\incong-cong-SA\\cong-sa-11.png'
114.4528 	DATA 	Mouse: Left button down, pos=(1011,546)
114.5732 	DATA 	Mouse:  Left button up, pos=(1011,546)
118.9716 	EXP 	unnamed ImageStim: image = 'stimuli-ha-sa\\incong-cong-HA\\incong-ha-22.png'
120.3168 	DATA 	Mouse: Right button down, pos=(1011,546)
123.6301 	DATA 	Mouse:  Right button up, pos=(1011,546)
123.8757 	EXP 	unnamed ImageStim: image = 'stimuli-ha-sa\\incong-cong-HA\\cong-ha-7.png'
125.7248 	DATA 	Mouse: Left button down, pos=(1011,546)
125.8318 	DATA 	Mouse:  Left button up, pos=(1011,546)
129.7492 	EXP 	unnamed ImageStim: image = 'stimuli-ha-sa\\incong-cong-SA\\incong-sa-53.png'
131.1168 	DATA 	Mouse: Right button down, pos=(1011,546)
135.7329 	DATA 	Mouse:  Right button up, pos=(1011,546)
135.9886 	EXP 	unnamed ImageStim: image = 'stimuli-ha-sa\\incong-cong-SA\\cong-sa-18.png'
137.5730 	DATA 	Mouse: Left button down, pos=(1011,546)
137.7134 	DATA 	Mouse:  Left button up, pos=(1011,546)
140.8768 	EXP 	unnamed ImageStim: image = 'stimuli-ha-sa\\incong-cong-HA\\cong-ha-22.png'
142.6209 	DATA 	Mouse: Right button down, pos=(1011,546)
147.4464 	DATA 	Mouse:  Right button up, pos=(1011,546)
147.6828 	EXP 	unnamed ImageStim: image = 'stimuli-ha-sa\\incong-cong-SA\\incong-sa-5.png'
149.0290 	DATA 	Mouse: Right button down, pos=(1011,546)
152.1436 	DATA 	Mouse:  Right button up, pos=(1011,546)
152.3889 	EXP 	unnamed ImageStim: image = 'stimuli-ha-sa\\incong-cong-HA\\incong-ha-30.png'
153.8050 	DATA 	Mouse: Right button down, pos=(1011,546)
157.9356 	DATA 	Mouse:  Right button up, pos=(1011,546)
158.1766 	EXP 	unnamed ImageStim: image = 'stimuli-ha-sa\\incong-cong-SA\\incong-sa-40.png'
159.5809 	DATA 	Mouse: Right button down, pos=(1011,546)
164.3235 	DATA 	Mouse:  Right button up, pos=(1011,546)
164.5674 	EXP 	unnamed ImageStim: image = 'stimuli-ha-sa\\incong-cong-HA\\incong-ha-35.png'
166.8449 	DATA 	Mouse: Right button down, pos=(1011,546)
170.0854 	DATA 	Mouse:  Right button up, pos=(1011,546)
170.3396 	EXP 	unnamed ImageStim: image = 'stimuli-ha-sa\\incong-cong-HA\\cong-ha-49.png'
171.5649 	DATA 	Mouse: Left button down, pos=(1011,546)
174.6627 	DATA 	Mouse:  Left button up, pos=(1011,546)
174.9108 	EXP 	unnamed ImageStim: image = 'stimuli-ha-sa\\incong-cong-SA\\incong-sa-21.png'
175.8768 	DATA 	Mouse: Right button down, pos=(1011,546)
176.1150 	DATA 	Mouse:  Right button up, pos=(1011,546)
179.7660 	EXP 	unnamed ImageStim: image = 'stimuli-ha-sa\\incong-cong-SA\\incong-sa-3.png'
181.8608 	DATA 	Mouse: Right button down, pos=(1011,546)
182.0641 	DATA 	Mouse:  Right button up, pos=(1011,546)
186.9397 	EXP 	unnamed ImageStim: image = 'stimuli-ha-sa\\incong-cong-HA\\cong-ha-33.png'
188.3409 	DATA 	Mouse: Left button down, pos=(1011,546)
191.9361 	DATA 	Mouse:  Left button up, pos=(1011,546)
192.1781 	EXP 	unnamed ImageStim: image = 'stimuli-ha-sa\\incong-cong-SA\\incong-sa-47.png'
193.5569 	DATA 	Mouse: Right button down, pos=(1011,546)
197.6579 	DATA 	Mouse:  Right button up, pos=(1011,546)
197.9007 	EXP 	unnamed ImageStim: image = 'stimuli-ha-sa\\incong-cong-HA\\incong-ha-23.png'
199.2772 	DATA 	Mouse: Right button down, pos=(1011,546)
203.8532 	DATA 	Mouse:  Right button up, pos=(1011,546)
204.1068 	EXP 	unnamed ImageStim: image = 'stimuli-ha-sa\\incong-cong-HA\\incong-ha-25.png'
205.4130 	DATA 	Mouse: Right button down, pos=(1011,546)
208.3668 	DATA 	Mouse:  Right button up, pos=(1011,546)
208.6112 	EXP 	unnamed ImageStim: image = 'stimuli-ha-sa\\incong-cong-SA\\incong-sa-37.png'
209.9575 	DATA 	Mouse: Right button down, pos=(1011,546)
212.9921 	DATA 	Mouse:  Right button up, pos=(1011,546)
213.2325 	EXP 	unnamed ImageStim: image = 'stimuli-ha-sa\\incong-cong-SA\\incong-sa-26.png'
214.5489 	DATA 	Mouse: Right button down, pos=(1011,546)
217.6389 	DATA 	Mouse:  Right button up, pos=(1011,546)
217.8871 	EXP 	unnamed ImageStim: image = 'stimuli-ha-sa\\incong-cong-HA\\incong-ha-20.png'
219.2368 	DATA 	Mouse: Right button down, pos=(1011,546)
222.3987 	DATA 	Mouse:  Right button up, pos=(1011,546)
222.6420 	EXP 	unnamed ImageStim: image = 'stimuli-ha-sa\\incong-cong-SA\\cong-sa-49.png'
224.1410 	DATA 	Mouse: Left button down, pos=(1011,546)
227.5918 	DATA 	Mouse:  Left button up, pos=(1011,546)
227.8471 	EXP 	unnamed ImageStim: image = 'stimuli-ha-sa\\incong-cong-SA\\incong-sa-16.png'
229.6130 	DATA 	Mouse: Right button down, pos=(1011,546)
233.7214 	DATA 	Mouse:  Right button up, pos=(1011,546)
233.9698 	EXP 	unnamed ImageStim: image = 'stimuli-ha-sa\\incong-cong-HA\\incong-ha-50.png'
235.4049 	DATA 	Mouse: Right button down, pos=(1011,546)
239.8715 	DATA 	Mouse:  Right button up, pos=(1011,546)
240.1260 	EXP 	unnamed ImageStim: image = 'stimuli-ha-sa\\incong-cong-HA\\incong-ha-13.png'
241.5569 	DATA 	Mouse: Right button down, pos=(1011,546)
245.6205 	DATA 	Mouse:  Right button up, pos=(1011,546)
245.8652 	EXP 	unnamed ImageStim: image = 'stimuli-ha-sa\\incong-cong-HA\\cong-ha-9.png'
247.2208 	DATA 	Mouse: Left button down, pos=(1011,546)
250.6084 	DATA 	Mouse:  Left button up, pos=(1011,546)
250.8534 	EXP 	unnamed ImageStim: image = 'stimuli-ha-sa\\incong-cong-HA\\cong-ha-43.png'
252.1968 	DATA 	Mouse: Left button down, pos=(1011,546)
252.3013 	DATA 	Mouse:  Left button up, pos=(1011,546)
255.5906 	EXP 	unnamed ImageStim: image = 'stimuli-ha-sa\\incong-cong-SA\\incong-sa-14.png'
256.9888 	DATA 	Mouse: Right button down, pos=(1011,546)
261.4088 	DATA 	Mouse:  Right button up, pos=(1011,546)
261.6642 	EXP 	unnamed ImageStim: image = 'stimuli-ha-sa\\incong-cong-SA\\incong-sa-48.png'
262.9090 	DATA 	Mouse: Right button down, pos=(1011,546)
267.4252 	DATA 	Mouse:  Right button up, pos=(1011,546)
267.6702 	EXP 	unnamed ImageStim: image = 'stimuli-ha-sa\\incong-cong-HA\\incong-ha-29.png'
268.9489 	DATA 	Mouse: Right button down, pos=(1011,546)
273.0033 	DATA 	Mouse:  Right button up, pos=(1011,546)
273.2416 	EXP 	unnamed ImageStim: image = 'stimuli-ha-sa\\incong-cong-HA\\cong-ha-13.png'
274.7888 	DATA 	Mouse: Left button down, pos=(1011,546)
274.9294 	DATA 	Mouse:  Left button up, pos=(1011,546)
278.9981 	EXP 	unnamed ImageStim: image = 'stimuli-ha-sa\\incong-cong-HA\\cong-ha-42.png'
280.5728 	DATA 	Mouse: Left button down, pos=(1011,546)
285.0812 	DATA 	Mouse:  Left button up, pos=(1011,546)
285.3203 	EXP 	unnamed ImageStim: image = 'stimuli-ha-sa\\incong-cong-HA\\cong-ha-32.png'
286.3808 	DATA 	Mouse: Left button down, pos=(1011,546)
286.5204 	DATA 	Mouse:  Left button up, pos=(1011,546)
289.8924 	EXP 	unnamed ImageStim: image = 'stimuli-ha-sa\\incong-cong-HA\\incong-ha-10.png'
291.2608 	DATA 	Mouse: Right button down, pos=(1011,546)
294.3279 	DATA 	Mouse:  Right button up, pos=(1011,546)
294.5804 	EXP 	unnamed ImageStim: image = 'stimuli-ha-sa\\incong-cong-SA\\cong-sa-36.png'
296.1328 	DATA 	Mouse: Left button down, pos=(1011,546)
296.2324 	DATA 	Mouse:  Left button up, pos=(1011,546)
299.6021 	EXP 	unnamed ImageStim: image = 'stimuli-ha-sa\\incong-cong-SA\\cong-sa-37.png'
300.9968 	DATA 	Mouse: Left button down, pos=(1011,546)
304.2084 	DATA 	Mouse:  Left button up, pos=(1011,546)
304.4569 	EXP 	unnamed ImageStim: image = 'stimuli-ha-sa\\incong-cong-HA\\cong-ha-52.png'
306.0929 	DATA 	Mouse: Right button down, pos=(1011,546)
309.4606 	DATA 	Mouse:  Right button up, pos=(1011,546)
309.7121 	EXP 	unnamed ImageStim: image = 'stimuli-ha-sa\\incong-cong-SA\\incong-sa-19.png'
311.2369 	DATA 	Mouse: Right button down, pos=(1011,546)
314.9967 	DATA 	Mouse:  Right button up, pos=(1011,546)
315.2511 	EXP 	unnamed ImageStim: image = 'stimuli-ha-sa\\incong-cong-SA\\cong-sa-22.png'
316.5808 	DATA 	Mouse: Left button down, pos=(1011,546)
316.7293 	DATA 	Mouse:  Left button up, pos=(1011,546)
320.7732 	EXP 	unnamed ImageStim: image = 'stimuli-ha-sa\\incong-cong-HA\\cong-ha-6.png'
322.0529 	DATA 	Mouse: Left button down, pos=(1011,546)
326.6415 	DATA 	Mouse:  Left button up, pos=(1011,546)
326.8793 	EXP 	unnamed ImageStim: image = 'stimuli-ha-sa\\incong-cong-SA\\cong-sa-32.png'
328.1887 	DATA 	Mouse: Right button down, pos=(1011,546)
331.1937 	DATA 	Mouse:  Right button up, pos=(1011,546)
331.4505 	EXP 	unnamed ImageStim: image = 'stimuli-ha-sa\\incong-cong-SA\\incong-sa-30.png'
332.9728 	DATA 	Mouse: Right button down, pos=(1011,546)
336.2251 	DATA 	Mouse:  Right button up, pos=(1011,546)
336.4723 	EXP 	unnamed ImageStim: image = 'stimuli-ha-sa\\incong-cong-SA\\cong-sa-33.png'
338.0608 	DATA 	Mouse: Left button down, pos=(1011,546)
341.5387 	DATA 	Mouse:  Left button up, pos=(1011,546)
341.7942 	EXP 	unnamed ImageStim: image = 'stimuli-ha-sa\\incong-cong-HA\\cong-ha-39.png'
343.1169 	DATA 	Mouse: Left button down, pos=(1011,546)
346.6813 	DATA 	Mouse:  Left button up, pos=(1011,546)
346.9328 	EXP 	unnamed ImageStim: image = 'stimuli-ha-sa\\incong-cong-SA\\cong-sa-51.png'
348.8688 	DATA 	Mouse: Left button down, pos=(1011,546)
353.7079 	DATA 	Mouse:  Left button up, pos=(1011,546)
353.9564 	EXP 	unnamed ImageStim: image = 'stimuli-ha-sa\\incong-cong-SA\\cong-sa-19.png'
355.2048 	DATA 	Mouse: Left button down, pos=(1011,546)
355.3296 	DATA 	Mouse:  Left button up, pos=(1011,546)
359.8790 	EXP 	unnamed ImageStim: image = 'stimuli-ha-sa\\incong-cong-SA\\cong-sa-35.png'
361.1248 	DATA 	Mouse: Left button down, pos=(1011,546)
361.2540 	DATA 	Mouse:  Left button up, pos=(1011,546)
365.4680 	EXP 	unnamed ImageStim: image = 'stimuli-ha-sa\\incong-cong-SA\\cong-sa-7.png'
366.8049 	DATA 	Mouse: Left button down, pos=(1011,546)
371.0300 	DATA 	Mouse:  Left button up, pos=(1011,546)
371.2737 	EXP 	unnamed ImageStim: image = 'stimuli-ha-sa\\incong-cong-SA\\cong-sa-43.png'
372.7730 	DATA 	Mouse: Left button down, pos=(1011,546)
376.2043 	DATA 	Mouse:  Left button up, pos=(1011,546)
376.4447 	EXP 	unnamed ImageStim: image = 'stimuli-ha-sa\\incong-cong-SA\\cong-sa-16.png'
378.4049 	DATA 	Mouse: Left button down, pos=(1011,546)
381.5100 	DATA 	Mouse:  Left button up, pos=(1011,546)
381.7500 	EXP 	unnamed ImageStim: image = 'stimuli-ha-sa\\incong-cong-SA\\incong-sa-34.png'
383.0528 	DATA 	Mouse: Right button down, pos=(1011,546)
386.5197 	DATA 	Mouse:  Right button up, pos=(1011,546)
386.7726 	EXP 	unnamed ImageStim: image = 'stimuli-ha-sa\\incong-cong-HA\\incong-ha-48.png'
388.0850 	DATA 	Mouse: Right button down, pos=(1011,546)
391.7014 	DATA 	Mouse:  Right button up, pos=(1011,546)
391.9443 	EXP 	unnamed ImageStim: image = 'stimuli-ha-sa\\incong-cong-SA\\cong-sa-27.png'
393.2049 	DATA 	Mouse: Left button down, pos=(1011,546)
396.1942 	DATA 	Mouse:  Left button up, pos=(1011,546)
396.4489 	EXP 	unnamed ImageStim: image = 'stimuli-ha-sa\\incong-cong-HA\\cong-ha-18.png'
397.8529 	DATA 	Mouse: Left button down, pos=(1011,546)
402.4435 	DATA 	Mouse:  Left button up, pos=(1011,546)
402.6886 	EXP 	unnamed ImageStim: image = 'stimuli-ha-sa\\incong-cong-HA\\cong-ha-50.png'
403.9248 	DATA 	Mouse: Left button down, pos=(1011,546)
404.0595 	DATA 	Mouse:  Left button up, pos=(1011,546)
407.5266 	EXP 	unnamed ImageStim: image = 'stimuli-ha-sa\\incong-cong-SA\\incong-sa-15.png'
409.0771 	DATA 	Mouse: Right button down, pos=(1011,546)
412.3086 	DATA 	Mouse:  Right button up, pos=(1011,546)
412.5475 	EXP 	unnamed ImageStim: image = 'stimuli-ha-sa\\incong-cong-SA\\incong-sa-25.png'
415.3890 	DATA 	Mouse: Right button down, pos=(1011,546)
419.6909 	DATA 	Mouse:  Right button up, pos=(1011,546)
419.9391 	EXP 	unnamed ImageStim: image = 'stimuli-ha-sa\\incong-cong-HA\\incong-ha-2.png'
421.2210 	DATA 	Mouse: Right button down, pos=(1011,546)
421.3669 	DATA 	Mouse:  Right button up, pos=(1011,546)
426.1620 	EXP 	unnamed ImageStim: image = 'stimuli-ha-sa\\incong-cong-SA\\incong-sa-17.png'
427.5088 	DATA 	Mouse: Right button down, pos=(1011,546)
430.8750 	DATA 	Mouse:  Right button up, pos=(1011,546)
431.1161 	EXP 	unnamed ImageStim: image = 'stimuli-ha-sa\\incong-cong-HA\\incong-ha-24.png'
432.5088 	DATA 	Mouse: Right button down, pos=(1011,546)
432.6256 	DATA 	Mouse:  Right button up, pos=(1011,546)
436.3554 	EXP 	unnamed ImageStim: image = 'stimuli-ha-sa\\incong-cong-HA\\cong-ha-14.png'
437.3729 	DATA 	Mouse: Left button down, pos=(1011,546)
440.6399 	DATA 	Mouse:  Left button up, pos=(1011,546)
440.8758 	EXP 	unnamed ImageStim: image = 'stimuli-ha-sa\\incong-cong-HA\\incong-ha-52.png'
442.1568 	DATA 	Mouse: Right button down, pos=(1011,546)
446.9201 	DATA 	Mouse:  Right button up, pos=(1011,546)
447.1664 	EXP 	unnamed ImageStim: image = 'stimuli-ha-sa\\incong-cong-HA\\incong-ha-34.png'
448.4688 	DATA 	Mouse: Right button down, pos=(1011,546)
452.1976 	DATA 	Mouse:  Right button up, pos=(1011,546)
452.4373 	EXP 	unnamed ImageStim: image = 'stimuli-ha-sa\\incong-cong-SA\\incong-sa-38.png'
454.5090 	DATA 	Mouse: Left button down, pos=(1011,546)
457.9260 	DATA 	Mouse:  Left button up, pos=(1011,546)
458.1772 	EXP 	unnamed ImageStim: image = 'stimuli-ha-sa\\incong-cong-SA\\cong-sa-24.png'
459.6448 	DATA 	Mouse: Left button down, pos=(1011,546)
463.7821 	DATA 	Mouse:  Left button up, pos=(1011,546)
464.0334 	EXP 	unnamed ImageStim: image = 'stimuli-ha-sa\\incong-cong-SA\\cong-sa-12.png'
465.4849 	DATA 	Mouse: Left button down, pos=(1011,546)
470.3687 	DATA 	Mouse:  Left button up, pos=(1011,546)
470.6230 	EXP 	unnamed ImageStim: image = 'stimuli-ha-sa\\incong-cong-SA\\cong-sa-17.png'
472.4369 	DATA 	Mouse: Left button down, pos=(1011,546)
475.3107 	DATA 	Mouse:  Left button up, pos=(1011,546)
475.5614 	EXP 	unnamed ImageStim: image = 'stimuli-ha-sa\\incong-cong-HA\\incong-ha-40.png'
476.7889 	DATA 	Mouse: Right button down, pos=(1011,546)
481.4820 	DATA 	Mouse:  Right button up, pos=(1011,546)
481.7341 	EXP 	unnamed ImageStim: image = 'stimuli-ha-sa\\incong-cong-SA\\cong-sa-39.png'
483.0529 	DATA 	Mouse: Left button down, pos=(1011,546)
486.9991 	DATA 	Mouse:  Left button up, pos=(1011,546)
487.2397 	EXP 	unnamed ImageStim: image = 'stimuli-ha-sa\\incong-cong-SA\\cong-sa-20.png'
488.3091 	DATA 	Mouse: Left button down, pos=(1011,546)
488.4399 	DATA 	Mouse:  Left button up, pos=(1011,546)
493.1622 	EXP 	unnamed ImageStim: image = 'stimuli-ha-sa\\incong-cong-HA\\cong-ha-27.png'
494.5009 	DATA 	Mouse: Left button down, pos=(1011,546)
497.5072 	DATA 	Mouse:  Left button up, pos=(1011,546)
497.7501 	EXP 	unnamed ImageStim: image = 'stimuli-ha-sa\\incong-cong-HA\\cong-ha-36.png'
499.1889 	DATA 	Mouse: Left button down, pos=(1011,546)
499.2938 	DATA 	Mouse:  Left button up, pos=(1011,546)
502.7552 	EXP 	unnamed ImageStim: image = 'stimuli-ha-sa\\incong-cong-HA\\cong-ha-46.png'
504.1328 	DATA 	Mouse: Left button down, pos=(1011,546)
507.8182 	DATA 	Mouse:  Left button up, pos=(1011,546)
508.0606 	EXP 	unnamed ImageStim: image = 'stimuli-ha-sa\\incong-cong-HA\\cong-ha-12.png'
509.3251 	DATA 	Mouse: Left button down, pos=(1011,546)
512.9930 	DATA 	Mouse:  Left button up, pos=(1011,546)
513.2314 	EXP 	unnamed ImageStim: image = 'stimuli-ha-sa\\incong-cong-SA\\incong-sa-6.png'
514.5088 	DATA 	Mouse: Right button down, pos=(1011,546)
518.9941 	DATA 	Mouse:  Right button up, pos=(1011,546)
519.2383 	EXP 	unnamed ImageStim: image = 'stimuli-ha-sa\\incong-cong-HA\\incong-ha-14.png'
520.5489 	DATA 	Mouse: Right button down, pos=(1011,546)
524.1784 	DATA 	Mouse:  Right button up, pos=(1011,546)
524.4270 	EXP 	unnamed ImageStim: image = 'stimuli-ha-sa\\incong-cong-HA\\cong-ha-20.png'
525.8289 	DATA 	Mouse: Left button down, pos=(1011,546)
529.7673 	DATA 	Mouse:  Left button up, pos=(1011,546)
530.0157 	EXP 	unnamed ImageStim: image = 'stimuli-ha-sa\\incong-cong-SA\\cong-sa-48.png'
531.2449 	DATA 	Mouse: Left button down, pos=(1011,546)
531.4530 	DATA 	Mouse:  Left button up, pos=(1011,546)
534.6204 	EXP 	unnamed ImageStim: image = 'stimuli-ha-sa\\incong-cong-SA\\incong-sa-52.png'
536.0048 	DATA 	Mouse: Right button down, pos=(1011,546)
540.8834 	DATA 	Mouse:  Right button up, pos=(1011,546)
541.1269 	EXP 	unnamed ImageStim: image = 'stimuli-ha-sa\\incong-cong-SA\\cong-sa-53.png'
542.8049 	DATA 	Mouse: Left button down, pos=(1011,546)
546.1550 	DATA 	Mouse:  Left button up, pos=(1011,546)
546.3988 	EXP 	unnamed ImageStim: image = 'stimuli-ha-sa\\incong-cong-SA\\cong-sa-3.png'
548.0688 	DATA 	Mouse: Left button down, pos=(1011,546)
551.6106 	DATA 	Mouse:  Left button up, pos=(1011,546)
551.8542 	EXP 	unnamed ImageStim: image = 'stimuli-ha-sa\\incong-cong-HA\\cong-ha-45.png'
553.1250 	DATA 	Mouse: Left button down, pos=(1011,546)
557.0817 	DATA 	Mouse:  Left button up, pos=(1011,546)
557.3263 	EXP 	unnamed ImageStim: image = 'stimuli-ha-sa\\incong-cong-SA\\incong-sa-43.png'
559.2369 	DATA 	Mouse: Right button down, pos=(1011,546)
564.0153 	DATA 	Mouse:  Right button up, pos=(1011,546)
564.2666 	EXP 	unnamed ImageStim: image = 'stimuli-ha-sa\\incong-cong-SA\\cong-sa-1.png'
566.5169 	DATA 	Mouse: Left button down, pos=(1011,546)
570.7704 	DATA 	Mouse:  Left button up, pos=(1012,543)
571.0235 	EXP 	unnamed ImageStim: image = 'stimuli-ha-sa\\incong-cong-HA\\cong-ha-10.png'
572.9409 	DATA 	Mouse: Left button down, pos=(1012,543)
573.0245 	DATA 	Mouse:  Left button up, pos=(1012,543)
577.9136 	EXP 	unnamed ImageStim: image = 'stimuli-ha-sa\\incong-cong-SA\\cong-sa-50.png'
579.5250 	DATA 	Mouse: Left button down, pos=(1012,543)
583.6371 	DATA 	Mouse:  Left button up, pos=(1012,543)
583.8862 	EXP 	unnamed ImageStim: image = 'stimuli-ha-sa\\incong-cong-HA\\incong-ha-42.png'
585.2049 	DATA 	Mouse: Right button down, pos=(1012,543)
589.4719 	DATA 	Mouse:  Right button up, pos=(1012,543)
589.7254 	EXP 	unnamed ImageStim: image = 'stimuli-ha-sa\\incong-cong-HA\\incong-ha-3.png'
590.8269 	DATA 	Mouse: Right button down, pos=(1012,543)
590.9424 	DATA 	Mouse:  Right button up, pos=(1012,543)
595.6146 	EXP 	unnamed ImageStim: image = 'stimuli-ha-sa\\incong-cong-SA\\incong-sa-28.png'
596.9088 	DATA 	Mouse: Right button down, pos=(1012,543)
601.5308 	DATA 	Mouse:  Right button up, pos=(1012,543)
601.7708 	EXP 	unnamed ImageStim: image = 'stimuli-ha-sa\\incong-cong-HA\\incong-ha-7.png'
603.3492 	DATA 	Mouse: Right button down, pos=(1012,543)
607.0838 	DATA 	Mouse:  Right button up, pos=(1012,543)
607.3263 	EXP 	unnamed ImageStim: image = 'stimuli-ha-sa\\incong-cong-HA\\incong-ha-6.png'
608.8129 	DATA 	Mouse: Right button down, pos=(1012,543)
612.3549 	DATA 	Mouse:  Right button up, pos=(1012,543)
612.5983 	EXP 	unnamed ImageStim: image = 'stimuli-ha-sa\\incong-cong-SA\\cong-sa-10.png'
613.9814 	DATA 	Mouse: Left button down, pos=(1012,543)
617.0772 	DATA 	Mouse:  Left button up, pos=(1012,543)
617.3196 	EXP 	unnamed ImageStim: image = 'stimuli-ha-sa\\incong-cong-HA\\cong-ha-28.png'
618.6928 	DATA 	Mouse: Left button down, pos=(1012,543)
623.4108 	DATA 	Mouse:  Left button up, pos=(1012,543)
623.6593 	EXP 	unnamed ImageStim: image = 'stimuli-ha-sa\\incong-cong-HA\\incong-ha-28.png'
624.5810 	DATA 	Mouse: Right button down, pos=(1012,543)
624.6608 	DATA 	Mouse:  Right button up, pos=(1012,543)
626.1890 	DATA 	Mouse: Right button down, pos=(1012,543)
629.9434 	DATA 	Mouse:  Right button up, pos=(1012,543)
630.1825 	EXP 	unnamed ImageStim: image = 'stimuli-ha-sa\\incong-cong-HA\\cong-ha-4.png'
631.5408 	DATA 	Mouse: Left button down, pos=(1012,543)
635.7616 	DATA 	Mouse:  Left button up, pos=(1012,543)
636.0049 	EXP 	unnamed ImageStim: image = 'stimuli-ha-sa\\incong-cong-HA\\cong-ha-26.png'
637.3408 	DATA 	Mouse: Left button down, pos=(1012,543)
637.4317 	DATA 	Mouse:  Left button up, pos=(1012,543)
652.3936 	EXP 	window1: mouseVisible = True
